<?xml version="1.0" encoding="UTF-8"?>
<testng-results ignored="0" total="1" passed="0" failed="1" skipped="0">
  <reporter-output>
  </reporter-output>
  <suite started-at="2024-03-04T18:18:37 BDT" name="Default suite" finished-at="2024-03-04T18:18:53 BDT" duration-ms="15347">
    <groups>
    </groups>
    <test started-at="2024-03-04T18:18:37 BDT" name="Default test" finished-at="2024-03-04T18:18:53 BDT" duration-ms="15347">
      <class name="com.LoginPage.NewTest">
        <test-method is-config="true" signature="beforeMethod()[pri:0, instance:com.LoginPage.NewTest@1700915]" started-at="2024-03-04T18:18:37 BDT" name="beforeMethod" finished-at="2024-03-04T18:18:44 BDT" duration-ms="6162" status="PASS">
          <reporter-output>
          </reporter-output>
        </test-method> <!-- beforeMethod -->
        <test-method signature="LoginTest()[pri:0, instance:com.LoginPage.NewTest@1700915]" started-at="2024-03-04T18:18:44 BDT" name="LoginTest" finished-at="2024-03-04T18:18:52 BDT" duration-ms="8749" status="FAIL">
          <exception class="java.lang.AssertionError">
            <message>
              <![CDATA[expected [Integrated Digital Service Delivery Platform] but found [[[ChromeDriver: chrome on WINDOWS (d0fa07feb3e8706073c2821c2410b45b)] -> xpath: //*[@id="root"]/section/header/section/div/div/div[2]/div/h2]]]]>
            </message>
            <full-stacktrace>
              <![CDATA[java.lang.AssertionError: expected [Integrated Digital Service Delivery Platform] but found [[[ChromeDriver: chrome on WINDOWS (d0fa07feb3e8706073c2821c2410b45b)] -> xpath: //*[@id="root"]/section/header/section/div/div/div[2]/div/h2]]
at org.testng.Assert.fail(Assert.java:99)
at org.testng.Assert.failNotEquals(Assert.java:1037)
at org.testng.Assert.assertEqualsImpl(Assert.java:140)
at org.testng.Assert.assertEquals(Assert.java:122)
at org.testng.Assert.assertEquals(Assert.java:617)
at com.LoginPage.NewTest.LoginTest(NewTest.java:61)
at java.base/jdk.internal.reflect.DirectMethodHandleAccessor.invoke(DirectMethodHandleAccessor.java:104)
at java.base/java.lang.reflect.Method.invoke(Method.java:578)
at org.testng.internal.MethodInvocationHelper.invokeMethod(MethodInvocationHelper.java:132)
at org.testng.internal.TestInvoker.invokeMethod(TestInvoker.java:599)
at org.testng.internal.TestInvoker.invokeTestMethod(TestInvoker.java:174)
at org.testng.internal.MethodRunner.runInSequence(MethodRunner.java:46)
at org.testng.internal.TestInvoker$MethodInvocationAgent.invoke(TestInvoker.java:822)
at org.testng.internal.TestInvoker.invokeTestMethods(TestInvoker.java:147)
at org.testng.internal.TestMethodWorker.invokeTestMethods(TestMethodWorker.java:146)
at org.testng.internal.TestMethodWorker.run(TestMethodWorker.java:128)
at java.base/java.util.ArrayList.forEach(ArrayList.java:1511)
at org.testng.TestRunner.privateRun(TestRunner.java:764)
at org.testng.TestRunner.run(TestRunner.java:585)
at org.testng.SuiteRunner.runTest(SuiteRunner.java:384)
at org.testng.SuiteRunner.runSequentially(SuiteRunner.java:378)
at org.testng.SuiteRunner.privateRun(SuiteRunner.java:337)
at org.testng.SuiteRunner.run(SuiteRunner.java:286)
at org.testng.SuiteRunnerWorker.runSuite(SuiteRunnerWorker.java:53)
at org.testng.SuiteRunnerWorker.run(SuiteRunnerWorker.java:96)
at org.testng.TestNG.runSuitesSequentially(TestNG.java:1218)
at org.testng.TestNG.runSuitesLocally(TestNG.java:1140)
at org.testng.TestNG.runSuites(TestNG.java:1069)
at org.testng.TestNG.run(TestNG.java:1037)
at org.testng.remote.AbstractRemoteTestNG.run(AbstractRemoteTestNG.java:115)
at org.testng.remote.RemoteTestNG.initAndRun(RemoteTestNG.java:251)
at org.testng.remote.RemoteTestNG.main(RemoteTestNG.java:77)
]]>
            </full-stacktrace>
          </exception> <!-- java.lang.AssertionError -->
          <reporter-output>
          </reporter-output>
        </test-method> <!-- LoginTest -->
        <test-method is-config="true" signature="afterMethod()[pri:0, instance:com.LoginPage.NewTest@1700915]" started-at="2024-03-04T18:18:52 BDT" name="afterMethod" finished-at="2024-03-04T18:18:53 BDT" duration-ms="326" status="PASS">
          <reporter-output>
          </reporter-output>
        </test-method> <!-- afterMethod -->
      </class> <!-- com.LoginPage.NewTest -->
    </test> <!-- Default test -->
  </suite> <!-- Default suite -->
</testng-results>
